<?xml version="1.0" encoding="UTF-8"?>
<testng-results ignored="0" total="1" passed="1" failed="0" skipped="0">
  <reporter-output>
  </reporter-output>
  <suite started-at="2025-10-03T19:17:41 IST" name="Default suite" finished-at="2025-10-03T19:17:45 IST" duration-ms="4392">
    <groups>
    </groups>
    <test started-at="2025-10-03T19:17:41 IST" name="Default test" finished-at="2025-10-03T19:17:45 IST" duration-ms="4392">
      <class name="com.videogamedb.testcase.TC02_POST">
        <test-method is-config="true" signature="setup()[pri:0, instance:com.videogamedb.testcase.TC02_POST@13e344d]" started-at="2025-10-03T19:17:41 IST" name="setup" finished-at="2025-10-03T19:17:44 IST" duration-ms="3091" status="PASS">
          <reporter-output>
          </reporter-output>
        </test-method> <!-- setup -->
        <test-method signature="postRequest()[pri:0, instance:com.videogamedb.testcase.TC02_POST@13e344d]" started-at="2025-10-03T19:17:44 IST" name="postRequest" finished-at="2025-10-03T19:17:45 IST" duration-ms="1281" status="PASS">
          <reporter-output>
          </reporter-output>
        </test-method> <!-- postRequest -->
      </class> <!-- com.videogamedb.testcase.TC02_POST -->
    </test> <!-- Default test -->
  </suite> <!-- Default suite -->
</testng-results>
