<?xml version="1.0" encoding="UTF-8"?>
<testng-results ignored="0" total="16" passed="14" failed="2" skipped="0">
  <reporter-output>
  </reporter-output>
  <suite started-at="2025-11-24T12:42:01 IST" name="Suite" finished-at="2025-11-24T12:42:17 IST" duration-ms="15498">
    <groups>
    </groups>
    <test started-at="2025-11-24T12:42:01 IST" name="Test" finished-at="2025-11-24T12:42:17 IST" duration-ms="15498">
      <class name="com.videogamedb.testcase.TC06_CreeateReqres">
        <test-method is-config="true" signature="setup()[pri:0, instance:com.videogamedb.testcase.TC06_CreeateReqres@17f62e33]" started-at="2025-11-24T12:42:15 IST" name="setup" finished-at="2025-11-24T12:42:15 IST" duration-ms="1" status="PASS">
          <reporter-output>
          </reporter-output>
        </test-method> <!-- setup -->
        <test-method signature="testCreateReqres()[pri:0, instance:com.videogamedb.testcase.TC06_CreeateReqres@17f62e33]" started-at="2025-11-24T12:42:15 IST" name="testCreateReqres" finished-at="2025-11-24T12:42:16 IST" duration-ms="219" status="PASS">
          <reporter-output>
          </reporter-output>
        </test-method> <!-- testCreateReqres -->
      </class> <!-- com.videogamedb.testcase.TC06_CreeateReqres -->
      <class name="com.videogamedb.testcase.TC12_POSTUnsuccessfulRegister">
        <test-method is-config="true" signature="setup()[pri:0, instance:com.videogamedb.testcase.TC12_POSTUnsuccessfulRegister@76b1e9b8]" started-at="2025-11-24T12:42:16 IST" name="setup" finished-at="2025-11-24T12:42:16 IST" duration-ms="2" status="PASS">
          <reporter-output>
          </reporter-output>
        </test-method> <!-- setup -->
        <test-method signature="testRegesterReqres()[pri:0, instance:com.videogamedb.testcase.TC12_POSTUnsuccessfulRegister@76b1e9b8]" started-at="2025-11-24T12:42:16 IST" name="testRegesterReqres" finished-at="2025-11-24T12:42:16 IST" duration-ms="305" status="PASS">
          <reporter-output>
          </reporter-output>
        </test-method> <!-- testRegesterReqres -->
      </class> <!-- com.videogamedb.testcase.TC12_POSTUnsuccessfulRegister -->
      <class name="com.videogamedb.testcase.TC13_GETResourceList">
        <test-method is-config="true" signature="setup()[pri:0, instance:com.videogamedb.testcase.TC13_GETResourceList@7674f035]" started-at="2025-11-24T12:42:13 IST" name="setup" finished-at="2025-11-24T12:42:13 IST" duration-ms="1" status="PASS">
          <reporter-output>
          </reporter-output>
        </test-method> <!-- setup -->
        <test-method signature="testResourceList()[pri:0, instance:com.videogamedb.testcase.TC13_GETResourceList@7674f035]" started-at="2025-11-24T12:42:13 IST" name="testResourceList" finished-at="2025-11-24T12:42:13 IST" duration-ms="476" status="PASS">
          <reporter-output>
          </reporter-output>
        </test-method> <!-- testResourceList -->
      </class> <!-- com.videogamedb.testcase.TC13_GETResourceList -->
      <class name="com.videogamedb.testcase.TC08_POSTRegister">
        <test-method is-config="true" signature="setup()[pri:0, instance:com.videogamedb.testcase.TC08_POSTRegister@4b741d6d]" started-at="2025-11-24T12:42:09 IST" name="setup" finished-at="2025-11-24T12:42:09 IST" duration-ms="2" status="PASS">
          <reporter-output>
          </reporter-output>
        </test-method> <!-- setup -->
        <test-method signature="testRegesterReqres()[pri:0, instance:com.videogamedb.testcase.TC08_POSTRegister@4b741d6d]" started-at="2025-11-24T12:42:09 IST" name="testRegesterReqres" finished-at="2025-11-24T12:42:10 IST" duration-ms="1162" status="PASS">
          <reporter-output>
          </reporter-output>
        </test-method> <!-- testRegesterReqres -->
      </class> <!-- com.videogamedb.testcase.TC08_POSTRegister -->
      <class name="com.videogamedb.testcase.TC09_POSTLoginReqres">
        <test-method is-config="true" signature="setup()[pri:0, instance:com.videogamedb.testcase.TC09_POSTLoginReqres@8f2ef19]" started-at="2025-11-24T12:42:12 IST" name="setup" finished-at="2025-11-24T12:42:12 IST" duration-ms="1" status="PASS">
          <reporter-output>
          </reporter-output>
        </test-method> <!-- setup -->
        <test-method signature="testLoginReqres()[pri:0, instance:com.videogamedb.testcase.TC09_POSTLoginReqres@8f2ef19]" started-at="2025-11-24T12:42:12 IST" name="testLoginReqres" finished-at="2025-11-24T12:42:13 IST" duration-ms="429" status="PASS">
          <reporter-output>
          </reporter-output>
        </test-method> <!-- testLoginReqres -->
      </class> <!-- com.videogamedb.testcase.TC09_POSTLoginReqres -->
      <class name="com.videogamedb.testcase.TC02_POST">
        <test-method is-config="true" signature="setup()[pri:0, instance:com.videogamedb.testcase.TC02_POST@74ea2410]" started-at="2025-11-24T12:42:15 IST" name="setup" finished-at="2025-11-24T12:42:15 IST" duration-ms="241" status="PASS">
          <reporter-output>
          </reporter-output>
        </test-method> <!-- setup -->
        <test-method signature="postRequest()[pri:0, instance:com.videogamedb.testcase.TC02_POST@74ea2410]" started-at="2025-11-24T12:42:15 IST" name="postRequest" finished-at="2025-11-24T12:42:15 IST" duration-ms="507" status="PASS">
          <reporter-output>
          </reporter-output>
        </test-method> <!-- postRequest -->
      </class> <!-- com.videogamedb.testcase.TC02_POST -->
      <class name="com.videogamedb.testcase.TC10_POSTUnsuccessfulLogin">
        <test-method is-config="true" signature="setup()[pri:0, instance:com.videogamedb.testcase.TC10_POSTUnsuccessfulLogin@25ce9dc4]" started-at="2025-11-24T12:42:14 IST" name="setup" finished-at="2025-11-24T12:42:14 IST" duration-ms="0" status="PASS">
          <reporter-output>
          </reporter-output>
        </test-method> <!-- setup -->
        <test-method signature="testUnsuccessfulLogin()[pri:0, instance:com.videogamedb.testcase.TC10_POSTUnsuccessfulLogin@25ce9dc4]" started-at="2025-11-24T12:42:14 IST" name="testUnsuccessfulLogin" finished-at="2025-11-24T12:42:15 IST" duration-ms="390" status="PASS">
          <reporter-output>
          </reporter-output>
        </test-method> <!-- testUnsuccessfulLogin -->
      </class> <!-- com.videogamedb.testcase.TC10_POSTUnsuccessfulLogin -->
      <class name="com.videogamedb.testcase.TC14_GETSingleResource">
        <test-method is-config="true" signature="setup()[pri:0, instance:com.videogamedb.testcase.TC14_GETSingleResource@27406a17]" started-at="2025-11-24T12:42:16 IST" name="setup" finished-at="2025-11-24T12:42:16 IST" duration-ms="1" status="PASS">
          <reporter-output>
          </reporter-output>
        </test-method> <!-- setup -->
        <test-method signature="testSinglrResource()[pri:0, instance:com.videogamedb.testcase.TC14_GETSingleResource@27406a17]" started-at="2025-11-24T12:42:16 IST" name="testSinglrResource" finished-at="2025-11-24T12:42:16 IST" duration-ms="474" status="PASS">
          <reporter-output>
          </reporter-output>
        </test-method> <!-- testSinglrResource -->
      </class> <!-- com.videogamedb.testcase.TC14_GETSingleResource -->
      <class name="com.videogamedb.testcase.TC05_DELETE">
        <test-method is-config="true" signature="setup()[pri:0, instance:com.videogamedb.testcase.TC05_DELETE@2af004b]" started-at="2025-11-24T12:42:16 IST" name="setup" finished-at="2025-11-24T12:42:16 IST" duration-ms="1" status="PASS">
          <reporter-output>
          </reporter-output>
        </test-method> <!-- setup -->
        <test-method signature="testDeleteVideoGame()[pri:0, instance:com.videogamedb.testcase.TC05_DELETE@2af004b]" started-at="2025-11-24T12:42:16 IST" name="testDeleteVideoGame" finished-at="2025-11-24T12:42:17 IST" duration-ms="420" status="FAIL">
          <exception class="java.lang.AssertionError">
            <message>
              <![CDATA[expected [Video game deleted] but found [[{"id":1,"name":"Resident Evil 4","releaseDate":"2005-10-01 23:59:59","reviewScore":85,"category":"Shooter","rating":"Universal"},{"id":2,"name":"Gran Turismo 3","releaseDate":"2001-03-10 23:59:59","reviewScore":91,"category":"Driving","rating":"Universal"},{"id":3,"name":"Tetris","releaseDate":"1984-06-25 23:59:59","reviewScore":88,"category":"Puzzle","rating":"Universal"},{"id":4,"name":"Super Mario 64","releaseDate":"1996-10-20 23:59:59","reviewScore":90,"category":"Platform","rating":"Universal"},{"id":5,"name":"The Legend of Zelda: Ocarina of Time","releaseDate":"1998-12-10 23:59:59","reviewScore":93,"category":"Adventure","rating":"PG-13"},{"id":6,"name":"Doom","releaseDate":"1993-02-18 23:59:59","reviewScore":81,"category":"Shooter","rating":"Mature"},{"id":7,"name":"Minecraft","releaseDate":"2011-12-05 23:59:59","reviewScore":77,"category":"Puzzle","rating":"Universal"},{"id":8,"name":"SimCity 2000","releaseDate":"1994-09-11 23:59:59","reviewScore":88,"category":"Strategy","rating":"Universal"},{"id":9,"name":"Final Fantasy VII","releaseDate":"1997-08-20 23:59:59","reviewScore":97,"category":"RPG","rating":"PG-13"},{"id":10,"name":"Grand Theft Auto III","releaseDate":"2001-04-23 23:59:59","reviewScore":90,"category":"Driving","rating":"Mature"}]]]]>
            </message>
            <full-stacktrace>
              <![CDATA[java.lang.AssertionError: expected [Video game deleted] but found [[{"id":1,"name":"Resident Evil 4","releaseDate":"2005-10-01 23:59:59","reviewScore":85,"category":"Shooter","rating":"Universal"},{"id":2,"name":"Gran Turismo 3","releaseDate":"2001-03-10 23:59:59","reviewScore":91,"category":"Driving","rating":"Universal"},{"id":3,"name":"Tetris","releaseDate":"1984-06-25 23:59:59","reviewScore":88,"category":"Puzzle","rating":"Universal"},{"id":4,"name":"Super Mario 64","releaseDate":"1996-10-20 23:59:59","reviewScore":90,"category":"Platform","rating":"Universal"},{"id":5,"name":"The Legend of Zelda: Ocarina of Time","releaseDate":"1998-12-10 23:59:59","reviewScore":93,"category":"Adventure","rating":"PG-13"},{"id":6,"name":"Doom","releaseDate":"1993-02-18 23:59:59","reviewScore":81,"category":"Shooter","rating":"Mature"},{"id":7,"name":"Minecraft","releaseDate":"2011-12-05 23:59:59","reviewScore":77,"category":"Puzzle","rating":"Universal"},{"id":8,"name":"SimCity 2000","releaseDate":"1994-09-11 23:59:59","reviewScore":88,"category":"Strategy","rating":"Universal"},{"id":9,"name":"Final Fantasy VII","releaseDate":"1997-08-20 23:59:59","reviewScore":97,"category":"RPG","rating":"PG-13"},{"id":10,"name":"Grand Theft Auto III","releaseDate":"2001-04-23 23:59:59","reviewScore":90,"category":"Driving","rating":"Mature"}]]
at org.testng.Assert.fail(Assert.java:99)
at org.testng.Assert.failNotEquals(Assert.java:1037)
at org.testng.Assert.assertEqualsImpl(Assert.java:140)
at org.testng.Assert.assertEquals(Assert.java:122)
at org.testng.Assert.assertEquals(Assert.java:629)
at org.testng.Assert.assertEquals(Assert.java:639)
at com.videogamedb.testcase.TC05_DELETE.testDeleteVideoGame(TC05_DELETE.java:29)
at java.base/jdk.internal.reflect.NativeMethodAccessorImpl.invoke0(Native Method)
at java.base/jdk.internal.reflect.NativeMethodAccessorImpl.invoke(NativeMethodAccessorImpl.java:77)
at java.base/jdk.internal.reflect.DelegatingMethodAccessorImpl.invoke(DelegatingMethodAccessorImpl.java:43)
at java.base/java.lang.reflect.Method.invoke(Method.java:568)
at org.testng.internal.MethodInvocationHelper.invokeMethod(MethodInvocationHelper.java:133)
at org.testng.internal.TestInvoker.invokeMethod(TestInvoker.java:598)
at org.testng.internal.TestInvoker.invokeTestMethod(TestInvoker.java:173)
at org.testng.internal.MethodRunner.runInSequence(MethodRunner.java:46)
at org.testng.internal.TestInvoker$MethodInvocationAgent.invoke(TestInvoker.java:824)
at org.testng.internal.TestInvoker.invokeTestMethods(TestInvoker.java:146)
at org.testng.internal.TestMethodWorker.invokeTestMethods(TestMethodWorker.java:146)
at org.testng.internal.TestMethodWorker.run(TestMethodWorker.java:128)
at java.base/java.util.ArrayList.forEach(ArrayList.java:1511)
at org.testng.TestRunner.privateRun(TestRunner.java:794)
at org.testng.TestRunner.run(TestRunner.java:596)
at org.testng.SuiteRunner.runTest(SuiteRunner.java:377)
at org.testng.SuiteRunner.runSequentially(SuiteRunner.java:371)
at org.testng.SuiteRunner.privateRun(SuiteRunner.java:332)
at org.testng.SuiteRunner.run(SuiteRunner.java:276)
at org.testng.SuiteRunnerWorker.runSuite(SuiteRunnerWorker.java:53)
at org.testng.SuiteRunnerWorker.run(SuiteRunnerWorker.java:96)
at org.testng.TestNG.runSuitesSequentially(TestNG.java:1212)
at org.testng.TestNG.runSuitesLocally(TestNG.java:1134)
at org.testng.TestNG.runSuites(TestNG.java:1063)
at org.testng.TestNG.run(TestNG.java:1031)
at org.testng.remote.AbstractRemoteTestNG.run(AbstractRemoteTestNG.java:115)
at org.testng.remote.RemoteTestNG.initAndRun(RemoteTestNG.java:251)
at org.testng.remote.RemoteTestNG.main(RemoteTestNG.java:77)
]]>
            </full-stacktrace>
          </exception> <!-- java.lang.AssertionError -->
          <reporter-output>
          </reporter-output>
        </test-method> <!-- testDeleteVideoGame -->
      </class> <!-- com.videogamedb.testcase.TC05_DELETE -->
      <class name="com.videogamedb.testcase.TC03_GETaVideoGame">
        <test-method is-config="true" signature="name()[pri:0, instance:com.videogamedb.testcase.TC03_GETaVideoGame@6892b3b6]" started-at="2025-11-24T12:42:01 IST" name="name" finished-at="2025-11-24T12:42:02 IST" duration-ms="393" status="PASS">
          <reporter-output>
          </reporter-output>
        </test-method> <!-- name -->
        <test-method signature="getSpecificId()[pri:0, instance:com.videogamedb.testcase.TC03_GETaVideoGame@6892b3b6]" started-at="2025-11-24T12:42:02 IST" name="getSpecificId" finished-at="2025-11-24T12:42:04 IST" duration-ms="2052" status="PASS">
          <reporter-output>
          </reporter-output>
        </test-method> <!-- getSpecificId -->
      </class> <!-- com.videogamedb.testcase.TC03_GETaVideoGame -->
      <class name="com.videogamedb.testcase.TC04_PUT">
        <test-method is-config="true" signature="setup()[pri:0, instance:com.videogamedb.testcase.TC04_PUT@173ed316]" started-at="2025-11-24T12:42:13 IST" name="setup" finished-at="2025-11-24T12:42:14 IST" duration-ms="302" status="PASS">
          <reporter-output>
          </reporter-output>
        </test-method> <!-- setup -->
        <test-method signature="putRequest()[pri:0, instance:com.videogamedb.testcase.TC04_PUT@173ed316]" started-at="2025-11-24T12:42:14 IST" name="putRequest" finished-at="2025-11-24T12:42:14 IST" duration-ms="486" status="FAIL">
          <exception class="java.lang.AssertionError">
            <message>
              <![CDATA[expected [200] but found [405]]]>
            </message>
            <full-stacktrace>
              <![CDATA[java.lang.AssertionError: expected [200] but found [405]
at org.testng.Assert.fail(Assert.java:99)
at org.testng.Assert.failNotEquals(Assert.java:1037)
at org.testng.Assert.assertEqualsImpl(Assert.java:140)
at org.testng.Assert.assertEquals(Assert.java:122)
at org.testng.Assert.assertEquals(Assert.java:907)
at org.testng.Assert.assertEquals(Assert.java:917)
at com.videogamedb.testcase.TC04_PUT.putRequest(TC04_PUT.java:35)
at java.base/jdk.internal.reflect.NativeMethodAccessorImpl.invoke0(Native Method)
at java.base/jdk.internal.reflect.NativeMethodAccessorImpl.invoke(NativeMethodAccessorImpl.java:77)
at java.base/jdk.internal.reflect.DelegatingMethodAccessorImpl.invoke(DelegatingMethodAccessorImpl.java:43)
at java.base/java.lang.reflect.Method.invoke(Method.java:568)
at org.testng.internal.MethodInvocationHelper.invokeMethod(MethodInvocationHelper.java:133)
at org.testng.internal.TestInvoker.invokeMethod(TestInvoker.java:598)
at org.testng.internal.TestInvoker.invokeTestMethod(TestInvoker.java:173)
at org.testng.internal.MethodRunner.runInSequence(MethodRunner.java:46)
at org.testng.internal.TestInvoker$MethodInvocationAgent.invoke(TestInvoker.java:824)
at org.testng.internal.TestInvoker.invokeTestMethods(TestInvoker.java:146)
at org.testng.internal.TestMethodWorker.invokeTestMethods(TestMethodWorker.java:146)
at org.testng.internal.TestMethodWorker.run(TestMethodWorker.java:128)
at java.base/java.util.ArrayList.forEach(ArrayList.java:1511)
at org.testng.TestRunner.privateRun(TestRunner.java:794)
at org.testng.TestRunner.run(TestRunner.java:596)
at org.testng.SuiteRunner.runTest(SuiteRunner.java:377)
at org.testng.SuiteRunner.runSequentially(SuiteRunner.java:371)
at org.testng.SuiteRunner.privateRun(SuiteRunner.java:332)
at org.testng.SuiteRunner.run(SuiteRunner.java:276)
at org.testng.SuiteRunnerWorker.runSuite(SuiteRunnerWorker.java:53)
at org.testng.SuiteRunnerWorker.run(SuiteRunnerWorker.java:96)
at org.testng.TestNG.runSuitesSequentially(TestNG.java:1212)
at org.testng.TestNG.runSuitesLocally(TestNG.java:1134)
at org.testng.TestNG.runSuites(TestNG.java:1063)
at org.testng.TestNG.run(TestNG.java:1031)
at org.testng.remote.AbstractRemoteTestNG.run(AbstractRemoteTestNG.java:115)
at org.testng.remote.RemoteTestNG.initAndRun(RemoteTestNG.java:251)
at org.testng.remote.RemoteTestNG.main(RemoteTestNG.java:77)
]]>
            </full-stacktrace>
          </exception> <!-- java.lang.AssertionError -->
          <reporter-output>
          </reporter-output>
        </test-method> <!-- putRequest -->
      </class> <!-- com.videogamedb.testcase.TC04_PUT -->
      <class name="com.videogamedb.testcase.TC15_SingleResourceNotFound">
        <test-method is-config="true" signature="setup()[pri:0, instance:com.videogamedb.testcase.TC15_SingleResourceNotFound@15bb5034]" started-at="2025-11-24T12:42:08 IST" name="setup" finished-at="2025-11-24T12:42:08 IST" duration-ms="1" status="PASS">
          <reporter-output>
          </reporter-output>
        </test-method> <!-- setup -->
        <test-method signature="testSinglrResourceNotFound()[pri:0, instance:com.videogamedb.testcase.TC15_SingleResourceNotFound@15bb5034]" started-at="2025-11-24T12:42:08 IST" name="testSinglrResourceNotFound" finished-at="2025-11-24T12:42:09 IST" duration-ms="819" status="PASS">
          <reporter-output>
          </reporter-output>
        </test-method> <!-- testSinglrResourceNotFound -->
      </class> <!-- com.videogamedb.testcase.TC15_SingleResourceNotFound -->
      <class name="com.videogamedb.testcase.TC07_GETReqresList">
        <test-method is-config="true" signature="setup()[pri:0, instance:com.videogamedb.testcase.TC07_GETReqresList@7d0b7e3c]" started-at="2025-11-24T12:42:08 IST" name="setup" finished-at="2025-11-24T12:42:08 IST" duration-ms="2" status="PASS">
          <reporter-output>
          </reporter-output>
        </test-method> <!-- setup -->
        <test-method signature="testGetReqresList()[pri:0, instance:com.videogamedb.testcase.TC07_GETReqresList@7d0b7e3c]" started-at="2025-11-24T12:42:08 IST" name="testGetReqresList" finished-at="2025-11-24T12:42:08 IST" duration-ms="292" status="PASS">
          <reporter-output>
          </reporter-output>
        </test-method> <!-- testGetReqresList -->
      </class> <!-- com.videogamedb.testcase.TC07_GETReqresList -->
      <class name="com.videogamedb.testcase.TC01_GETVideoGameLIst">
        <test-method is-config="true" signature="setup()[pri:0, instance:com.videogamedb.testcase.TC01_GETVideoGameLIst@69e153c5]" started-at="2025-11-24T12:42:13 IST" name="setup" finished-at="2025-11-24T12:42:13 IST" duration-ms="1" status="PASS">
          <reporter-output>
          </reporter-output>
        </test-method> <!-- setup -->
        <test-method signature="getVideoGameList()[pri:0, instance:com.videogamedb.testcase.TC01_GETVideoGameLIst@69e153c5]" started-at="2025-11-24T12:42:13 IST" name="getVideoGameList" finished-at="2025-11-24T12:42:13 IST" duration-ms="396" status="PASS">
          <reporter-output>
          </reporter-output>
        </test-method> <!-- getVideoGameList -->
      </class> <!-- com.videogamedb.testcase.TC01_GETVideoGameLIst -->
      <class name="com.videogamedb.testcase.TC11_GETDelayResponse">
        <test-method is-config="true" signature="setup()[pri:0, instance:com.videogamedb.testcase.TC11_GETDelayResponse@6e9175d8]" started-at="2025-11-24T12:42:04 IST" name="setup" finished-at="2025-11-24T12:42:04 IST" duration-ms="1" status="PASS">
          <reporter-output>
          </reporter-output>
        </test-method> <!-- setup -->
        <test-method signature="testDelayResponse()[pri:0, instance:com.videogamedb.testcase.TC11_GETDelayResponse@6e9175d8]" started-at="2025-11-24T12:42:04 IST" name="testDelayResponse" finished-at="2025-11-24T12:42:08 IST" duration-ms="3718" status="PASS">
          <reporter-output>
          </reporter-output>
        </test-method> <!-- testDelayResponse -->
      </class> <!-- com.videogamedb.testcase.TC11_GETDelayResponse -->
      <class name="com.videogamedb.testcase.sample">
        <test-method signature="post()[pri:0, instance:com.videogamedb.testcase.sample@2eae8e6e]" started-at="2025-11-24T12:42:10 IST" name="post" finished-at="2025-11-24T12:42:12 IST" duration-ms="2362" status="PASS">
          <reporter-output>
          </reporter-output>
        </test-method> <!-- post -->
      </class> <!-- com.videogamedb.testcase.sample -->
    </test> <!-- Test -->
  </suite> <!-- Suite -->
</testng-results>
