<?xml version="1.0" encoding="UTF-8"?>
<!-- Generated by org.testng.reporters.JUnitReportReporter -->
<testsuite hostname="TTPL-LNV-0097" failures="1" tests="1" name="com.videogamedb.testcase.TC05_DELETE" time="0.420" errors="0" timestamp="2025-11-24T12:42:17 IST" skipped="0">
  <testcase classname="com.videogamedb.testcase.TC05_DELETE" name="testDeleteVideoGame" time="0.420">
    <failure message="expected [Video game deleted	] but found [[{&quot;id&quot;:1,&quot;name&quot;:&quot;Resident Evil 4&quot;,&quot;releaseDate&quot;:&quot;2005-10-01 23:59:59&quot;,&quot;reviewScore&quot;:85,&quot;category&quot;:&quot;Shooter&quot;,&quot;rating&quot;:&quot;Universal&quot;},{&quot;id&quot;:2,&quot;name&quot;:&quot;Gran Turismo 3&quot;,&quot;releaseDate&quot;:&quot;2001-03-10 23:59:59&quot;,&quot;reviewScore&quot;:91,&quot;category&quot;:&quot;Driving&quot;,&quot;rating&quot;:&quot;Universal&quot;},{&quot;id&quot;:3,&quot;name&quot;:&quot;Tetris&quot;,&quot;releaseDate&quot;:&quot;1984-06-25 23:59:59&quot;,&quot;reviewScore&quot;:88,&quot;category&quot;:&quot;Puzzle&quot;,&quot;rating&quot;:&quot;Universal&quot;},{&quot;id&quot;:4,&quot;name&quot;:&quot;Super Mario 64&quot;,&quot;releaseDate&quot;:&quot;1996-10-20 23:59:59&quot;,&quot;reviewScore&quot;:90,&quot;category&quot;:&quot;Platform&quot;,&quot;rating&quot;:&quot;Universal&quot;},{&quot;id&quot;:5,&quot;name&quot;:&quot;The Legend of Zelda: Ocarina of Time&quot;,&quot;releaseDate&quot;:&quot;1998-12-10 23:59:59&quot;,&quot;reviewScore&quot;:93,&quot;category&quot;:&quot;Adventure&quot;,&quot;rating&quot;:&quot;PG-13&quot;},{&quot;id&quot;:6,&quot;name&quot;:&quot;Doom&quot;,&quot;releaseDate&quot;:&quot;1993-02-18 23:59:59&quot;,&quot;reviewScore&quot;:81,&quot;category&quot;:&quot;Shooter&quot;,&quot;rating&quot;:&quot;Mature&quot;},{&quot;id&quot;:7,&quot;name&quot;:&quot;Minecraft&quot;,&quot;releaseDate&quot;:&quot;2011-12-05 23:59:59&quot;,&quot;reviewScore&quot;:77,&quot;category&quot;:&quot;Puzzle&quot;,&quot;rating&quot;:&quot;Universal&quot;},{&quot;id&quot;:8,&quot;name&quot;:&quot;SimCity 2000&quot;,&quot;releaseDate&quot;:&quot;1994-09-11 23:59:59&quot;,&quot;reviewScore&quot;:88,&quot;category&quot;:&quot;Strategy&quot;,&quot;rating&quot;:&quot;Universal&quot;},{&quot;id&quot;:9,&quot;name&quot;:&quot;Final Fantasy VII&quot;,&quot;releaseDate&quot;:&quot;1997-08-20 23:59:59&quot;,&quot;reviewScore&quot;:97,&quot;category&quot;:&quot;RPG&quot;,&quot;rating&quot;:&quot;PG-13&quot;},{&quot;id&quot;:10,&quot;name&quot;:&quot;Grand Theft Auto III&quot;,&quot;releaseDate&quot;:&quot;2001-04-23 23:59:59&quot;,&quot;reviewScore&quot;:90,&quot;category&quot;:&quot;Driving&quot;,&quot;rating&quot;:&quot;Mature&quot;}]]" type="java.lang.AssertionError">
      <![CDATA[java.lang.AssertionError: expected [Video game deleted] but found [[{"id":1,"name":"Resident Evil 4","releaseDate":"2005-10-01 23:59:59","reviewScore":85,"category":"Shooter","rating":"Universal"},{"id":2,"name":"Gran Turismo 3","releaseDate":"2001-03-10 23:59:59","reviewScore":91,"category":"Driving","rating":"Universal"},{"id":3,"name":"Tetris","releaseDate":"1984-06-25 23:59:59","reviewScore":88,"category":"Puzzle","rating":"Universal"},{"id":4,"name":"Super Mario 64","releaseDate":"1996-10-20 23:59:59","reviewScore":90,"category":"Platform","rating":"Universal"},{"id":5,"name":"The Legend of Zelda: Ocarina of Time","releaseDate":"1998-12-10 23:59:59","reviewScore":93,"category":"Adventure","rating":"PG-13"},{"id":6,"name":"Doom","releaseDate":"1993-02-18 23:59:59","reviewScore":81,"category":"Shooter","rating":"Mature"},{"id":7,"name":"Minecraft","releaseDate":"2011-12-05 23:59:59","reviewScore":77,"category":"Puzzle","rating":"Universal"},{"id":8,"name":"SimCity 2000","releaseDate":"1994-09-11 23:59:59","reviewScore":88,"category":"Strategy","rating":"Universal"},{"id":9,"name":"Final Fantasy VII","releaseDate":"1997-08-20 23:59:59","reviewScore":97,"category":"RPG","rating":"PG-13"},{"id":10,"name":"Grand Theft Auto III","releaseDate":"2001-04-23 23:59:59","reviewScore":90,"category":"Driving","rating":"Mature"}]]
at org.testng.Assert.fail(Assert.java:99)
at org.testng.Assert.failNotEquals(Assert.java:1037)
at org.testng.Assert.assertEqualsImpl(Assert.java:140)
at org.testng.Assert.assertEquals(Assert.java:122)
at org.testng.Assert.assertEquals(Assert.java:629)
at org.testng.Assert.assertEquals(Assert.java:639)
at com.videogamedb.testcase.TC05_DELETE.testDeleteVideoGame(TC05_DELETE.java:29)
at java.base/jdk.internal.reflect.NativeMethodAccessorImpl.invoke0(Native Method)
at java.base/jdk.internal.reflect.NativeMethodAccessorImpl.invoke(NativeMethodAccessorImpl.java:77)
at java.base/jdk.internal.reflect.DelegatingMethodAccessorImpl.invoke(DelegatingMethodAccessorImpl.java:43)
at java.base/java.lang.reflect.Method.invoke(Method.java:568)
at org.testng.internal.MethodInvocationHelper.invokeMethod(MethodInvocationHelper.java:133)
at org.testng.internal.TestInvoker.invokeMethod(TestInvoker.java:598)
at org.testng.internal.TestInvoker.invokeTestMethod(TestInvoker.java:173)
at org.testng.internal.MethodRunner.runInSequence(MethodRunner.java:46)
at org.testng.internal.TestInvoker$MethodInvocationAgent.invoke(TestInvoker.java:824)
at org.testng.internal.TestInvoker.invokeTestMethods(TestInvoker.java:146)
at org.testng.internal.TestMethodWorker.invokeTestMethods(TestMethodWorker.java:146)
at org.testng.internal.TestMethodWorker.run(TestMethodWorker.java:128)
at java.base/java.util.ArrayList.forEach(ArrayList.java:1511)
at org.testng.TestRunner.privateRun(TestRunner.java:794)
at org.testng.TestRunner.run(TestRunner.java:596)
at org.testng.SuiteRunner.runTest(SuiteRunner.java:377)
at org.testng.SuiteRunner.runSequentially(SuiteRunner.java:371)
at org.testng.SuiteRunner.privateRun(SuiteRunner.java:332)
at org.testng.SuiteRunner.run(SuiteRunner.java:276)
at org.testng.SuiteRunnerWorker.runSuite(SuiteRunnerWorker.java:53)
at org.testng.SuiteRunnerWorker.run(SuiteRunnerWorker.java:96)
at org.testng.TestNG.runSuitesSequentially(TestNG.java:1212)
at org.testng.TestNG.runSuitesLocally(TestNG.java:1134)
at org.testng.TestNG.runSuites(TestNG.java:1063)
at org.testng.TestNG.run(TestNG.java:1031)
at org.testng.remote.AbstractRemoteTestNG.run(AbstractRemoteTestNG.java:115)
at org.testng.remote.RemoteTestNG.initAndRun(RemoteTestNG.java:251)
at org.testng.remote.RemoteTestNG.main(RemoteTestNG.java:77)
]]>
    </failure>
  </testcase> <!-- testDeleteVideoGame -->
  <system-out/>
</testsuite> <!-- com.videogamedb.testcase.TC05_DELETE -->
