<?xml version="1.0" encoding="UTF-8"?>
<!-- Generated by org.testng.reporters.JUnitReportReporter -->
<testsuite hostname="TTPL-LNV-0097" failures="0" tests="3" name="com.videogamedb.testcase.JsonWithDataProvider" time="2.009" errors="0" timestamp="2023-05-26T16:33:29 IST" skipped="0">
  <testcase classname="com.videogamedb.testcase.JsonWithDataProvider" name="postTestWithDataProvider" time="1.209"/>
  <system-out/>
  <testcase classname="com.videogamedb.testcase.JsonWithDataProvider" name="postTestWithDataProvider" time="0.379"/>
  <system-out/>
  <testcase classname="com.videogamedb.testcase.JsonWithDataProvider" name="postTestWithDataProvider" time="0.421"/>
  <system-out/>
</testsuite> <!-- com.videogamedb.testcase.JsonWithDataProvider -->
