<?xml version="1.0" encoding="UTF-8"?>
<!-- Generated by org.testng.reporters.JUnitReportReporter -->
<testsuite hostname="TTPL-LNV-0097" failures="0" tests="3" name="com.videogamedb.testcase.DataProviderJsonFileRead" time="3.153" errors="0" timestamp="2023-05-26T18:41:30 IST" skipped="0">
  <testcase classname="com.videogamedb.testcase.DataProviderJsonFileRead" name="response" time="1.886"/>
  <system-out/>
  <testcase classname="com.videogamedb.testcase.DataProviderJsonFileRead" name="response" time="0.703"/>
  <system-out/>
  <testcase classname="com.videogamedb.testcase.DataProviderJsonFileRead" name="response" time="0.564"/>
  <system-out/>
</testsuite> <!-- com.videogamedb.testcase.DataProviderJsonFileRead -->
