<?xml version="1.0" encoding="UTF-8"?>
<!-- Generated by org.testng.reporters.JUnitReportReporter -->
<testsuite hostname="TTPL-LNV-0097" failures="0" tests="1" name="com.videogamedb.testcase.TC10_POSTUnsuccessfulLogin" time="0.390" errors="0" timestamp="2025-11-24T12:42:17 IST" skipped="0">
  <testcase classname="com.videogamedb.testcase.TC10_POSTUnsuccessfulLogin" name="testUnsuccessfulLogin" time="0.390"/>
  <system-out/>
</testsuite> <!-- com.videogamedb.testcase.TC10_POSTUnsuccessfulLogin -->
