<?xml version="1.0" encoding="UTF-8"?>
<!-- Generated by org.testng.reporters.JUnitReportReporter -->
<testsuite hostname="TTPL-LNV-0097" failures="0" tests="3" name="com.videogamedb.testcase.AgamSirDataprovider" time="0.007" errors="0" timestamp="2023-05-26T17:40:00 IST" skipped="0">
  <testcase classname="com.videogamedb.testcase.AgamSirDataprovider" name="testGenericJson" time="0.000"/>
  <system-out/>
  <testcase classname="com.videogamedb.testcase.AgamSirDataprovider" name="testGenericJson" time="0.005"/>
  <system-out/>
  <testcase classname="com.videogamedb.testcase.AgamSirDataprovider" name="testGenericJson" time="0.002"/>
  <system-out/>
</testsuite> <!-- com.videogamedb.testcase.AgamSirDataprovider -->
